The system is: Linux - 4.19.81 - aarch64
Compiling the C compiler identification source file "CMakeCCompilerId.c" succeeded.
Compiler: /usr/bin/cc 
Build flags: 
Id flags:  

The output was:
0


Compilation of the C compiler identification source "CMakeCCompilerId.c" produced "a.out"

The C compiler identification is GNU, found in "/home/devel/nextpnr/CMakeFiles/3.15.3/CompilerIdC/a.out"

Compiling the CXX compiler identification source file "CMakeCXXCompilerId.cpp" succeeded.
Compiler: /usr/bin/c++ 
Build flags: 
Id flags:  

The output was:
0


Compilation of the CXX compiler identification source "CMakeCXXCompilerId.cpp" produced "a.out"

The CXX compiler identification is GNU, found in "/home/devel/nextpnr/CMakeFiles/3.15.3/CompilerIdCXX/a.out"

Determining if the C compiler works passed with the following output:
Change Dir: /home/devel/nextpnr/CMakeFiles/CMakeTmp

Run Build Command(s):/usr/bin/make cmTC_4694d/fast && /usr/bin/make -f CMakeFiles/cmTC_4694d.dir/build.make CMakeFiles/cmTC_4694d.dir/build
make[1]: Entering directory '/home/devel/nextpnr/CMakeFiles/CMakeTmp'
Building C object CMakeFiles/cmTC_4694d.dir/testCCompiler.c.o
/usr/bin/cc    -o CMakeFiles/cmTC_4694d.dir/testCCompiler.c.o   -c /home/devel/nextpnr/CMakeFiles/CMakeTmp/testCCompiler.c
Linking C executable cmTC_4694d
/usr/bin/cmake -E cmake_link_script CMakeFiles/cmTC_4694d.dir/link.txt --verbose=1
/usr/bin/cc      -rdynamic CMakeFiles/cmTC_4694d.dir/testCCompiler.c.o  -o cmTC_4694d 
make[1]: Leaving directory '/home/devel/nextpnr/CMakeFiles/CMakeTmp'



Detecting C compiler ABI info compiled with the following output:
Change Dir: /home/devel/nextpnr/CMakeFiles/CMakeTmp

Run Build Command(s):/usr/bin/make cmTC_e34a3/fast && /usr/bin/make -f CMakeFiles/cmTC_e34a3.dir/build.make CMakeFiles/cmTC_e34a3.dir/build
make[1]: Entering directory '/home/devel/nextpnr/CMakeFiles/CMakeTmp'
Building C object CMakeFiles/cmTC_e34a3.dir/CMakeCCompilerABI.c.o
/usr/bin/cc   -v -o CMakeFiles/cmTC_e34a3.dir/CMakeCCompilerABI.c.o   -c /usr/share/cmake-3.15/Modules/CMakeCCompilerABI.c
Using built-in specs.
COLLECT_GCC=/usr/bin/cc
Target: aarch64-poky-linux
Configured with: ../../../../../../work-shared/gcc-9.2.0-r0/gcc-9.2.0/configure --build=x86_64-linux --host=aarch64-poky-linux --target=aarch64-poky-linux --prefix=/usr --exec_prefix=/usr --bindir=/usr/bin --sbindir=/usr/sbin --libexecdir=/usr/libexec --datadir=/usr/share --sysconfdir=/etc --sharedstatedir=/com --localstatedir=/var --libdir=/usr/lib --includedir=/usr/include --oldincludedir=/usr/include --infodir=/usr/share/info --mandir=/usr/share/man --disable-silent-rules --disable-dependency-tracking --with-libtool-sysroot=/home/vidal/wkg/yocto-zeus-3.0/rpi4-64/build/tmp/work/aarch64-poky-linux/gcc/9.2.0-r0/recipe-sysroot --with-gnu-ld --enable-shared --enable-languages=c,c++,fortran --enable-threads=posix --enable-multilib --enable-default-pie --enable-c99 --enable-long-long --enable-symvers=gnu --enable-libstdcxx-pch --program-prefix=aarch64-poky-linux- --without-local-prefix --enable-lto --disable-libssp --enable-libitm --disable-bootstrap --disable-libmudflap --with-system-zlib --with-linker-hash-style=gnu --enable-linker-build-id --with-ppl=no --with-cloog=no --enable-checking=release --enable-cheaders=c_global --without-isl --with-build-sysroot=/home/vidal/wkg/yocto-zeus-3.0/rpi4-64/build/tmp/work/aarch64-poky-linux/gcc/9.2.0-r0/recipe-sysroot --disable-static --enable-nls --with-glibc-version=2.28 --enable-initfini-array --enable-__cxa_atexit
Thread model: posix
gcc version 9.2.0 (GCC) 
COLLECT_GCC_OPTIONS='-v' '-o' 'CMakeFiles/cmTC_e34a3.dir/CMakeCCompilerABI.c.o' '-c' '-mlittle-endian' '-mabi=lp64'
 /usr/libexec/gcc/aarch64-poky-linux/9.2.0/cc1 -quiet -v /usr/share/cmake-3.15/Modules/CMakeCCompilerABI.c -quiet -dumpbase CMakeCCompilerABI.c -mlittle-endian -mabi=lp64 -auxbase-strip CMakeFiles/cmTC_e34a3.dir/CMakeCCompilerABI.c.o -version -o /tmp/ccXhS4ts.s
GNU C17 (GCC) version 9.2.0 (aarch64-poky-linux)
	compiled by GNU C version 9.2.0, GMP version 6.1.2, MPFR version 4.0.2, MPC version 1.1.0, isl version none
GGC heuristics: --param ggc-min-expand=100 --param ggc-min-heapsize=131072
ignoring nonexistent directory "/usr/local/include"
ignoring nonexistent directory "/usr/lib/gcc/aarch64-poky-linux/9.2.0/../../../../aarch64-poky-linux/include"
#include "..." search starts here:
#include <...> search starts here:
 /usr/lib/gcc/aarch64-poky-linux/9.2.0/include
 /usr/lib/aarch64-poky-linux/9.2.0/include
 /usr/lib/gcc/aarch64-poky-linux/9.2.0/include-fixed
 /usr/include
End of search list.
GNU C17 (GCC) version 9.2.0 (aarch64-poky-linux)
	compiled by GNU C version 9.2.0, GMP version 6.1.2, MPFR version 4.0.2, MPC version 1.1.0, isl version none
GGC heuristics: --param ggc-min-expand=100 --param ggc-min-heapsize=131072
Compiler executable checksum: 5d8b064e86d098b7ab1fd07c09928574
COLLECT_GCC_OPTIONS='-v' '-o' 'CMakeFiles/cmTC_e34a3.dir/CMakeCCompilerABI.c.o' '-c' '-mlittle-endian' '-mabi=lp64'
 /usr/lib/gcc/aarch64-poky-linux/9.2.0/../../../../aarch64-poky-linux/bin/as -v -EL -mabi=lp64 -o CMakeFiles/cmTC_e34a3.dir/CMakeCCompilerABI.c.o /tmp/ccXhS4ts.s
GNU assembler version 2.32.0 (aarch64-poky-linux) using BFD version (GNU Binutils) 2.32.0.20190204
COMPILER_PATH=/usr/libexec/gcc/aarch64-poky-linux/9.2.0/:/usr/libexec/gcc/aarch64-poky-linux/9.2.0/:/usr/libexec/gcc/aarch64-poky-linux/:/usr/lib/gcc/aarch64-poky-linux/9.2.0/:/usr/lib/gcc/aarch64-poky-linux/:/usr/lib/gcc/aarch64-poky-linux/9.2.0/../../../../aarch64-poky-linux/bin/
LIBRARY_PATH=/usr/lib/gcc/aarch64-poky-linux/9.2.0/:/usr/lib/gcc/aarch64-poky-linux/9.2.0/../../../aarch64-poky-linux/9.2.0/:/usr/lib/gcc/aarch64-poky-linux/9.2.0/../../../:/lib/:/usr/lib/aarch64-poky-linux/9.2.0/:/usr/lib/
COLLECT_GCC_OPTIONS='-v' '-o' 'CMakeFiles/cmTC_e34a3.dir/CMakeCCompilerABI.c.o' '-c' '-mlittle-endian' '-mabi=lp64'
Linking C executable cmTC_e34a3
/usr/bin/cmake -E cmake_link_script CMakeFiles/cmTC_e34a3.dir/link.txt --verbose=1
/usr/bin/cc     -v -rdynamic CMakeFiles/cmTC_e34a3.dir/CMakeCCompilerABI.c.o  -o cmTC_e34a3 
Using built-in specs.
COLLECT_GCC=/usr/bin/cc
COLLECT_LTO_WRAPPER=/usr/libexec/gcc/aarch64-poky-linux/9.2.0/lto-wrapper
Target: aarch64-poky-linux
Configured with: ../../../../../../work-shared/gcc-9.2.0-r0/gcc-9.2.0/configure --build=x86_64-linux --host=aarch64-poky-linux --target=aarch64-poky-linux --prefix=/usr --exec_prefix=/usr --bindir=/usr/bin --sbindir=/usr/sbin --libexecdir=/usr/libexec --datadir=/usr/share --sysconfdir=/etc --sharedstatedir=/com --localstatedir=/var --libdir=/usr/lib --includedir=/usr/include --oldincludedir=/usr/include --infodir=/usr/share/info --mandir=/usr/share/man --disable-silent-rules --disable-dependency-tracking --with-libtool-sysroot=/home/vidal/wkg/yocto-zeus-3.0/rpi4-64/build/tmp/work/aarch64-poky-linux/gcc/9.2.0-r0/recipe-sysroot --with-gnu-ld --enable-shared --enable-languages=c,c++,fortran --enable-threads=posix --enable-multilib --enable-default-pie --enable-c99 --enable-long-long --enable-symvers=gnu --enable-libstdcxx-pch --program-prefix=aarch64-poky-linux- --without-local-prefix --enable-lto --disable-libssp --enable-libitm --disable-bootstrap --disable-libmudflap --with-system-zlib --with-linker-hash-style=gnu --enable-linker-build-id --with-ppl=no --with-cloog=no --enable-checking=release --enable-cheaders=c_global --without-isl --with-build-sysroot=/home/vidal/wkg/yocto-zeus-3.0/rpi4-64/build/tmp/work/aarch64-poky-linux/gcc/9.2.0-r0/recipe-sysroot --disable-static --enable-nls --with-glibc-version=2.28 --enable-initfini-array --enable-__cxa_atexit
Thread model: posix
gcc version 9.2.0 (GCC) 
COMPILER_PATH=/usr/libexec/gcc/aarch64-poky-linux/9.2.0/:/usr/libexec/gcc/aarch64-poky-linux/9.2.0/:/usr/libexec/gcc/aarch64-poky-linux/:/usr/lib/gcc/aarch64-poky-linux/9.2.0/:/usr/lib/gcc/aarch64-poky-linux/:/usr/lib/gcc/aarch64-poky-linux/9.2.0/../../../../aarch64-poky-linux/bin/
LIBRARY_PATH=/usr/lib/gcc/aarch64-poky-linux/9.2.0/:/usr/lib/gcc/aarch64-poky-linux/9.2.0/../../../aarch64-poky-linux/9.2.0/:/usr/lib/gcc/aarch64-poky-linux/9.2.0/../../../:/lib/:/usr/lib/aarch64-poky-linux/9.2.0/:/usr/lib/
COLLECT_GCC_OPTIONS='-v' '-rdynamic' '-o' 'cmTC_e34a3' '-mlittle-endian' '-mabi=lp64'
 /usr/libexec/gcc/aarch64-poky-linux/9.2.0/collect2 -plugin /usr/libexec/gcc/aarch64-poky-linux/9.2.0/liblto_plugin.so -plugin-opt=/usr/libexec/gcc/aarch64-poky-linux/9.2.0/lto-wrapper -plugin-opt=-fresolution=/tmp/ccZV569O.res -plugin-opt=-pass-through=-lgcc -plugin-opt=-pass-through=-lgcc_s -plugin-opt=-pass-through=-lc -plugin-opt=-pass-through=-lgcc -plugin-opt=-pass-through=-lgcc_s --build-id --eh-frame-hdr --hash-style=gnu -export-dynamic -dynamic-linker /lib/ld-linux-aarch64.so.1 -X -EL -maarch64linux -pie -o cmTC_e34a3 /usr/lib/gcc/aarch64-poky-linux/9.2.0/../../../Scrt1.o /usr/lib/gcc/aarch64-poky-linux/9.2.0/../../../crti.o /usr/lib/gcc/aarch64-poky-linux/9.2.0/../../../aarch64-poky-linux/9.2.0/crtbeginS.o -L/usr/lib/gcc/aarch64-poky-linux/9.2.0 -L/usr/lib/gcc/aarch64-poky-linux/9.2.0/../../../aarch64-poky-linux/9.2.0 -L/usr/lib/gcc/aarch64-poky-linux/9.2.0/../../.. -L/usr/lib/aarch64-poky-linux/9.2.0 CMakeFiles/cmTC_e34a3.dir/CMakeCCompilerABI.c.o -lgcc --push-state --as-needed -lgcc_s --pop-state -lc -lgcc --push-state --as-needed -lgcc_s --pop-state /usr/lib/gcc/aarch64-poky-linux/9.2.0/../../../aarch64-poky-linux/9.2.0/crtendS.o /usr/lib/gcc/aarch64-poky-linux/9.2.0/../../../crtn.o
COLLECT_GCC_OPTIONS='-v' '-rdynamic' '-o' 'cmTC_e34a3' '-mlittle-endian' '-mabi=lp64'
make[1]: Leaving directory '/home/devel/nextpnr/CMakeFiles/CMakeTmp'



Parsed C implicit include dir info from above output: rv=done
  found start of include info
  found start of implicit include info
    add: [/usr/lib/gcc/aarch64-poky-linux/9.2.0/include]
    add: [/usr/lib/aarch64-poky-linux/9.2.0/include]
    add: [/usr/lib/gcc/aarch64-poky-linux/9.2.0/include-fixed]
    add: [/usr/include]
  end of search list found
  collapse include dir [/usr/lib/gcc/aarch64-poky-linux/9.2.0/include] ==> [/usr/lib/gcc/aarch64-poky-linux/9.2.0/include]
  collapse include dir [/usr/lib/aarch64-poky-linux/9.2.0/include] ==> [/usr/lib/aarch64-poky-linux/9.2.0/include]
  collapse include dir [/usr/lib/gcc/aarch64-poky-linux/9.2.0/include-fixed] ==> [/usr/lib/gcc/aarch64-poky-linux/9.2.0/include-fixed]
  collapse include dir [/usr/include] ==> [/usr/include]
  implicit include dirs: [/usr/lib/gcc/aarch64-poky-linux/9.2.0/include;/usr/lib/aarch64-poky-linux/9.2.0/include;/usr/lib/gcc/aarch64-poky-linux/9.2.0/include-fixed;/usr/include]


Parsed C implicit link information from above output:
  link line regex: [^( *|.*[/\])(ld|CMAKE_LINK_STARTFILE-NOTFOUND|([^/\]+-)?ld|collect2)[^/\]*( |$)]
  ignore line: [Change Dir: /home/devel/nextpnr/CMakeFiles/CMakeTmp]
  ignore line: []
  ignore line: [Run Build Command(s):/usr/bin/make cmTC_e34a3/fast && /usr/bin/make -f CMakeFiles/cmTC_e34a3.dir/build.make CMakeFiles/cmTC_e34a3.dir/build]
  ignore line: [make[1]: Entering directory '/home/devel/nextpnr/CMakeFiles/CMakeTmp']
  ignore line: [Building C object CMakeFiles/cmTC_e34a3.dir/CMakeCCompilerABI.c.o]
  ignore line: [/usr/bin/cc   -v -o CMakeFiles/cmTC_e34a3.dir/CMakeCCompilerABI.c.o   -c /usr/share/cmake-3.15/Modules/CMakeCCompilerABI.c]
  ignore line: [Using built-in specs.]
  ignore line: [COLLECT_GCC=/usr/bin/cc]
  ignore line: [Target: aarch64-poky-linux]
  ignore line: [Configured with: ../../../../../../work-shared/gcc-9.2.0-r0/gcc-9.2.0/configure --build=x86_64-linux --host=aarch64-poky-linux --target=aarch64-poky-linux --prefix=/usr --exec_prefix=/usr --bindir=/usr/bin --sbindir=/usr/sbin --libexecdir=/usr/libexec --datadir=/usr/share --sysconfdir=/etc --sharedstatedir=/com --localstatedir=/var --libdir=/usr/lib --includedir=/usr/include --oldincludedir=/usr/include --infodir=/usr/share/info --mandir=/usr/share/man --disable-silent-rules --disable-dependency-tracking --with-libtool-sysroot=/home/vidal/wkg/yocto-zeus-3.0/rpi4-64/build/tmp/work/aarch64-poky-linux/gcc/9.2.0-r0/recipe-sysroot --with-gnu-ld --enable-shared --enable-languages=c,c++,fortran --enable-threads=posix --enable-multilib --enable-default-pie --enable-c99 --enable-long-long --enable-symvers=gnu --enable-libstdcxx-pch --program-prefix=aarch64-poky-linux- --without-local-prefix --enable-lto --disable-libssp --enable-libitm --disable-bootstrap --disable-libmudflap --with-system-zlib --with-linker-hash-style=gnu --enable-linker-build-id --with-ppl=no --with-cloog=no --enable-checking=release --enable-cheaders=c_global --without-isl --with-build-sysroot=/home/vidal/wkg/yocto-zeus-3.0/rpi4-64/build/tmp/work/aarch64-poky-linux/gcc/9.2.0-r0/recipe-sysroot --disable-static --enable-nls --with-glibc-version=2.28 --enable-initfini-array --enable-__cxa_atexit]
  ignore line: [Thread model: posix]
  ignore line: [gcc version 9.2.0 (GCC) ]
  ignore line: [COLLECT_GCC_OPTIONS='-v' '-o' 'CMakeFiles/cmTC_e34a3.dir/CMakeCCompilerABI.c.o' '-c' '-mlittle-endian' '-mabi=lp64']
  ignore line: [ /usr/libexec/gcc/aarch64-poky-linux/9.2.0/cc1 -quiet -v /usr/share/cmake-3.15/Modules/CMakeCCompilerABI.c -quiet -dumpbase CMakeCCompilerABI.c -mlittle-endian -mabi=lp64 -auxbase-strip CMakeFiles/cmTC_e34a3.dir/CMakeCCompilerABI.c.o -version -o /tmp/ccXhS4ts.s]
  ignore line: [GNU C17 (GCC) version 9.2.0 (aarch64-poky-linux)]
  ignore line: [	compiled by GNU C version 9.2.0, GMP version 6.1.2, MPFR version 4.0.2, MPC version 1.1.0, isl version none]
  ignore line: [GGC heuristics: --param ggc-min-expand=100 --param ggc-min-heapsize=131072]
  ignore line: [ignoring nonexistent directory "/usr/local/include"]
  ignore line: [ignoring nonexistent directory "/usr/lib/gcc/aarch64-poky-linux/9.2.0/../../../../aarch64-poky-linux/include"]
  ignore line: [#include "..." search starts here:]
  ignore line: [#include <...> search starts here:]
  ignore line: [ /usr/lib/gcc/aarch64-poky-linux/9.2.0/include]
  ignore line: [ /usr/lib/aarch64-poky-linux/9.2.0/include]
  ignore line: [ /usr/lib/gcc/aarch64-poky-linux/9.2.0/include-fixed]
  ignore line: [ /usr/include]
  ignore line: [End of search list.]
  ignore line: [GNU C17 (GCC) version 9.2.0 (aarch64-poky-linux)]
  ignore line: [	compiled by GNU C version 9.2.0, GMP version 6.1.2, MPFR version 4.0.2, MPC version 1.1.0, isl version none]
  ignore line: [GGC heuristics: --param ggc-min-expand=100 --param ggc-min-heapsize=131072]
  ignore line: [Compiler executable checksum: 5d8b064e86d098b7ab1fd07c09928574]
  ignore line: [COLLECT_GCC_OPTIONS='-v' '-o' 'CMakeFiles/cmTC_e34a3.dir/CMakeCCompilerABI.c.o' '-c' '-mlittle-endian' '-mabi=lp64']
  ignore line: [ /usr/lib/gcc/aarch64-poky-linux/9.2.0/../../../../aarch64-poky-linux/bin/as -v -EL -mabi=lp64 -o CMakeFiles/cmTC_e34a3.dir/CMakeCCompilerABI.c.o /tmp/ccXhS4ts.s]
  ignore line: [GNU assembler version 2.32.0 (aarch64-poky-linux) using BFD version (GNU Binutils) 2.32.0.20190204]
  ignore line: [COMPILER_PATH=/usr/libexec/gcc/aarch64-poky-linux/9.2.0/:/usr/libexec/gcc/aarch64-poky-linux/9.2.0/:/usr/libexec/gcc/aarch64-poky-linux/:/usr/lib/gcc/aarch64-poky-linux/9.2.0/:/usr/lib/gcc/aarch64-poky-linux/:/usr/lib/gcc/aarch64-poky-linux/9.2.0/../../../../aarch64-poky-linux/bin/]
  ignore line: [LIBRARY_PATH=/usr/lib/gcc/aarch64-poky-linux/9.2.0/:/usr/lib/gcc/aarch64-poky-linux/9.2.0/../../../aarch64-poky-linux/9.2.0/:/usr/lib/gcc/aarch64-poky-linux/9.2.0/../../../:/lib/:/usr/lib/aarch64-poky-linux/9.2.0/:/usr/lib/]
  ignore line: [COLLECT_GCC_OPTIONS='-v' '-o' 'CMakeFiles/cmTC_e34a3.dir/CMakeCCompilerABI.c.o' '-c' '-mlittle-endian' '-mabi=lp64']
  ignore line: [Linking C executable cmTC_e34a3]
  ignore line: [/usr/bin/cmake -E cmake_link_script CMakeFiles/cmTC_e34a3.dir/link.txt --verbose=1]
  ignore line: [/usr/bin/cc     -v -rdynamic CMakeFiles/cmTC_e34a3.dir/CMakeCCompilerABI.c.o  -o cmTC_e34a3 ]
  ignore line: [Using built-in specs.]
  ignore line: [COLLECT_GCC=/usr/bin/cc]
  ignore line: [COLLECT_LTO_WRAPPER=/usr/libexec/gcc/aarch64-poky-linux/9.2.0/lto-wrapper]
  ignore line: [Target: aarch64-poky-linux]
  ignore line: [Configured with: ../../../../../../work-shared/gcc-9.2.0-r0/gcc-9.2.0/configure --build=x86_64-linux --host=aarch64-poky-linux --target=aarch64-poky-linux --prefix=/usr --exec_prefix=/usr --bindir=/usr/bin --sbindir=/usr/sbin --libexecdir=/usr/libexec --datadir=/usr/share --sysconfdir=/etc --sharedstatedir=/com --localstatedir=/var --libdir=/usr/lib --includedir=/usr/include --oldincludedir=/usr/include --infodir=/usr/share/info --mandir=/usr/share/man --disable-silent-rules --disable-dependency-tracking --with-libtool-sysroot=/home/vidal/wkg/yocto-zeus-3.0/rpi4-64/build/tmp/work/aarch64-poky-linux/gcc/9.2.0-r0/recipe-sysroot --with-gnu-ld --enable-shared --enable-languages=c,c++,fortran --enable-threads=posix --enable-multilib --enable-default-pie --enable-c99 --enable-long-long --enable-symvers=gnu --enable-libstdcxx-pch --program-prefix=aarch64-poky-linux- --without-local-prefix --enable-lto --disable-libssp --enable-libitm --disable-bootstrap --disable-libmudflap --with-system-zlib --with-linker-hash-style=gnu --enable-linker-build-id --with-ppl=no --with-cloog=no --enable-checking=release --enable-cheaders=c_global --without-isl --with-build-sysroot=/home/vidal/wkg/yocto-zeus-3.0/rpi4-64/build/tmp/work/aarch64-poky-linux/gcc/9.2.0-r0/recipe-sysroot --disable-static --enable-nls --with-glibc-version=2.28 --enable-initfini-array --enable-__cxa_atexit]
  ignore line: [Thread model: posix]
  ignore line: [gcc version 9.2.0 (GCC) ]
  ignore line: [COMPILER_PATH=/usr/libexec/gcc/aarch64-poky-linux/9.2.0/:/usr/libexec/gcc/aarch64-poky-linux/9.2.0/:/usr/libexec/gcc/aarch64-poky-linux/:/usr/lib/gcc/aarch64-poky-linux/9.2.0/:/usr/lib/gcc/aarch64-poky-linux/:/usr/lib/gcc/aarch64-poky-linux/9.2.0/../../../../aarch64-poky-linux/bin/]
  ignore line: [LIBRARY_PATH=/usr/lib/gcc/aarch64-poky-linux/9.2.0/:/usr/lib/gcc/aarch64-poky-linux/9.2.0/../../../aarch64-poky-linux/9.2.0/:/usr/lib/gcc/aarch64-poky-linux/9.2.0/../../../:/lib/:/usr/lib/aarch64-poky-linux/9.2.0/:/usr/lib/]
  ignore line: [COLLECT_GCC_OPTIONS='-v' '-rdynamic' '-o' 'cmTC_e34a3' '-mlittle-endian' '-mabi=lp64']
  link line: [ /usr/libexec/gcc/aarch64-poky-linux/9.2.0/collect2 -plugin /usr/libexec/gcc/aarch64-poky-linux/9.2.0/liblto_plugin.so -plugin-opt=/usr/libexec/gcc/aarch64-poky-linux/9.2.0/lto-wrapper -plugin-opt=-fresolution=/tmp/ccZV569O.res -plugin-opt=-pass-through=-lgcc -plugin-opt=-pass-through=-lgcc_s -plugin-opt=-pass-through=-lc -plugin-opt=-pass-through=-lgcc -plugin-opt=-pass-through=-lgcc_s --build-id --eh-frame-hdr --hash-style=gnu -export-dynamic -dynamic-linker /lib/ld-linux-aarch64.so.1 -X -EL -maarch64linux -pie -o cmTC_e34a3 /usr/lib/gcc/aarch64-poky-linux/9.2.0/../../../Scrt1.o /usr/lib/gcc/aarch64-poky-linux/9.2.0/../../../crti.o /usr/lib/gcc/aarch64-poky-linux/9.2.0/../../../aarch64-poky-linux/9.2.0/crtbeginS.o -L/usr/lib/gcc/aarch64-poky-linux/9.2.0 -L/usr/lib/gcc/aarch64-poky-linux/9.2.0/../../../aarch64-poky-linux/9.2.0 -L/usr/lib/gcc/aarch64-poky-linux/9.2.0/../../.. -L/usr/lib/aarch64-poky-linux/9.2.0 CMakeFiles/cmTC_e34a3.dir/CMakeCCompilerABI.c.o -lgcc --push-state --as-needed -lgcc_s --pop-state -lc -lgcc --push-state --as-needed -lgcc_s --pop-state /usr/lib/gcc/aarch64-poky-linux/9.2.0/../../../aarch64-poky-linux/9.2.0/crtendS.o /usr/lib/gcc/aarch64-poky-linux/9.2.0/../../../crtn.o]
    arg [/usr/libexec/gcc/aarch64-poky-linux/9.2.0/collect2] ==> ignore
    arg [-plugin] ==> ignore
    arg [/usr/libexec/gcc/aarch64-poky-linux/9.2.0/liblto_plugin.so] ==> ignore
    arg [-plugin-opt=/usr/libexec/gcc/aarch64-poky-linux/9.2.0/lto-wrapper] ==> ignore
    arg [-plugin-opt=-fresolution=/tmp/ccZV569O.res] ==> ignore
    arg [-plugin-opt=-pass-through=-lgcc] ==> ignore
    arg [-plugin-opt=-pass-through=-lgcc_s] ==> ignore
    arg [-plugin-opt=-pass-through=-lc] ==> ignore
    arg [-plugin-opt=-pass-through=-lgcc] ==> ignore
    arg [-plugin-opt=-pass-through=-lgcc_s] ==> ignore
    arg [--build-id] ==> ignore
    arg [--eh-frame-hdr] ==> ignore
    arg [--hash-style=gnu] ==> ignore
    arg [-export-dynamic] ==> ignore
    arg [-dynamic-linker] ==> ignore
    arg [/lib/ld-linux-aarch64.so.1] ==> ignore
    arg [-X] ==> ignore
    arg [-EL] ==> ignore
    arg [-maarch64linux] ==> ignore
    arg [-pie] ==> ignore
    arg [-o] ==> ignore
    arg [cmTC_e34a3] ==> ignore
    arg [/usr/lib/gcc/aarch64-poky-linux/9.2.0/../../../Scrt1.o] ==> ignore
    arg [/usr/lib/gcc/aarch64-poky-linux/9.2.0/../../../crti.o] ==> ignore
    arg [/usr/lib/gcc/aarch64-poky-linux/9.2.0/../../../aarch64-poky-linux/9.2.0/crtbeginS.o] ==> ignore
    arg [-L/usr/lib/gcc/aarch64-poky-linux/9.2.0] ==> dir [/usr/lib/gcc/aarch64-poky-linux/9.2.0]
    arg [-L/usr/lib/gcc/aarch64-poky-linux/9.2.0/../../../aarch64-poky-linux/9.2.0] ==> dir [/usr/lib/gcc/aarch64-poky-linux/9.2.0/../../../aarch64-poky-linux/9.2.0]
    arg [-L/usr/lib/gcc/aarch64-poky-linux/9.2.0/../../..] ==> dir [/usr/lib/gcc/aarch64-poky-linux/9.2.0/../../..]
    arg [-L/usr/lib/aarch64-poky-linux/9.2.0] ==> dir [/usr/lib/aarch64-poky-linux/9.2.0]
    arg [CMakeFiles/cmTC_e34a3.dir/CMakeCCompilerABI.c.o] ==> ignore
    arg [-lgcc] ==> lib [gcc]
    arg [--push-state] ==> ignore
    arg [--as-needed] ==> ignore
    arg [-lgcc_s] ==> lib [gcc_s]
    arg [--pop-state] ==> ignore
    arg [-lc] ==> lib [c]
    arg [-lgcc] ==> lib [gcc]
    arg [--push-state] ==> ignore
    arg [--as-needed] ==> ignore
    arg [-lgcc_s] ==> lib [gcc_s]
    arg [--pop-state] ==> ignore
    arg [/usr/lib/gcc/aarch64-poky-linux/9.2.0/../../../aarch64-poky-linux/9.2.0/crtendS.o] ==> ignore
    arg [/usr/lib/gcc/aarch64-poky-linux/9.2.0/../../../crtn.o] ==> ignore
  collapse library dir [/usr/lib/gcc/aarch64-poky-linux/9.2.0] ==> [/usr/lib/gcc/aarch64-poky-linux/9.2.0]
  collapse library dir [/usr/lib/gcc/aarch64-poky-linux/9.2.0/../../../aarch64-poky-linux/9.2.0] ==> [/usr/lib/aarch64-poky-linux/9.2.0]
  collapse library dir [/usr/lib/gcc/aarch64-poky-linux/9.2.0/../../..] ==> [/usr/lib]
  collapse library dir [/usr/lib/aarch64-poky-linux/9.2.0] ==> [/usr/lib/aarch64-poky-linux/9.2.0]
  implicit libs: [gcc;gcc_s;c;gcc;gcc_s]
  implicit dirs: [/usr/lib/gcc/aarch64-poky-linux/9.2.0;/usr/lib/aarch64-poky-linux/9.2.0;/usr/lib]
  implicit fwks: []


Determining if the CXX compiler works passed with the following output:
Change Dir: /home/devel/nextpnr/CMakeFiles/CMakeTmp

Run Build Command(s):/usr/bin/make cmTC_be1cc/fast && /usr/bin/make -f CMakeFiles/cmTC_be1cc.dir/build.make CMakeFiles/cmTC_be1cc.dir/build
make[1]: Entering directory '/home/devel/nextpnr/CMakeFiles/CMakeTmp'
Building CXX object CMakeFiles/cmTC_be1cc.dir/testCXXCompiler.cxx.o
/usr/bin/c++     -o CMakeFiles/cmTC_be1cc.dir/testCXXCompiler.cxx.o -c /home/devel/nextpnr/CMakeFiles/CMakeTmp/testCXXCompiler.cxx
Linking CXX executable cmTC_be1cc
/usr/bin/cmake -E cmake_link_script CMakeFiles/cmTC_be1cc.dir/link.txt --verbose=1
/usr/bin/c++       -rdynamic CMakeFiles/cmTC_be1cc.dir/testCXXCompiler.cxx.o  -o cmTC_be1cc 
make[1]: Leaving directory '/home/devel/nextpnr/CMakeFiles/CMakeTmp'



Detecting CXX compiler ABI info compiled with the following output:
Change Dir: /home/devel/nextpnr/CMakeFiles/CMakeTmp

Run Build Command(s):/usr/bin/make cmTC_253c8/fast && /usr/bin/make -f CMakeFiles/cmTC_253c8.dir/build.make CMakeFiles/cmTC_253c8.dir/build
make[1]: Entering directory '/home/devel/nextpnr/CMakeFiles/CMakeTmp'
Building CXX object CMakeFiles/cmTC_253c8.dir/CMakeCXXCompilerABI.cpp.o
/usr/bin/c++    -v -o CMakeFiles/cmTC_253c8.dir/CMakeCXXCompilerABI.cpp.o -c /usr/share/cmake-3.15/Modules/CMakeCXXCompilerABI.cpp
Using built-in specs.
COLLECT_GCC=/usr/bin/c++
Target: aarch64-poky-linux
Configured with: ../../../../../../work-shared/gcc-9.2.0-r0/gcc-9.2.0/configure --build=x86_64-linux --host=aarch64-poky-linux --target=aarch64-poky-linux --prefix=/usr --exec_prefix=/usr --bindir=/usr/bin --sbindir=/usr/sbin --libexecdir=/usr/libexec --datadir=/usr/share --sysconfdir=/etc --sharedstatedir=/com --localstatedir=/var --libdir=/usr/lib --includedir=/usr/include --oldincludedir=/usr/include --infodir=/usr/share/info --mandir=/usr/share/man --disable-silent-rules --disable-dependency-tracking --with-libtool-sysroot=/home/vidal/wkg/yocto-zeus-3.0/rpi4-64/build/tmp/work/aarch64-poky-linux/gcc/9.2.0-r0/recipe-sysroot --with-gnu-ld --enable-shared --enable-languages=c,c++,fortran --enable-threads=posix --enable-multilib --enable-default-pie --enable-c99 --enable-long-long --enable-symvers=gnu --enable-libstdcxx-pch --program-prefix=aarch64-poky-linux- --without-local-prefix --enable-lto --disable-libssp --enable-libitm --disable-bootstrap --disable-libmudflap --with-system-zlib --with-linker-hash-style=gnu --enable-linker-build-id --with-ppl=no --with-cloog=no --enable-checking=release --enable-cheaders=c_global --without-isl --with-build-sysroot=/home/vidal/wkg/yocto-zeus-3.0/rpi4-64/build/tmp/work/aarch64-poky-linux/gcc/9.2.0-r0/recipe-sysroot --disable-static --enable-nls --with-glibc-version=2.28 --enable-initfini-array --enable-__cxa_atexit
Thread model: posix
gcc version 9.2.0 (GCC) 
COLLECT_GCC_OPTIONS='-v' '-o' 'CMakeFiles/cmTC_253c8.dir/CMakeCXXCompilerABI.cpp.o' '-c' '-shared-libgcc' '-mlittle-endian' '-mabi=lp64'
 /usr/libexec/gcc/aarch64-poky-linux/9.2.0/cc1plus -quiet -v -D_GNU_SOURCE /usr/share/cmake-3.15/Modules/CMakeCXXCompilerABI.cpp -quiet -dumpbase CMakeCXXCompilerABI.cpp -mlittle-endian -mabi=lp64 -auxbase-strip CMakeFiles/cmTC_253c8.dir/CMakeCXXCompilerABI.cpp.o -version -o /tmp/ccYBJIb5.s
GNU C++14 (GCC) version 9.2.0 (aarch64-poky-linux)
	compiled by GNU C version 9.2.0, GMP version 6.1.2, MPFR version 4.0.2, MPC version 1.1.0, isl version none
GGC heuristics: --param ggc-min-expand=100 --param ggc-min-heapsize=131072
ignoring nonexistent directory "/usr/local/include"
ignoring nonexistent directory "/usr/lib/gcc/aarch64-poky-linux/9.2.0/../../../../aarch64-poky-linux/include"
#include "..." search starts here:
#include <...> search starts here:
 /usr/lib/gcc/aarch64-poky-linux/9.2.0/../../../../include/c++/9.2.0
 /usr/lib/gcc/aarch64-poky-linux/9.2.0/../../../../include/c++/9.2.0/aarch64-poky-linux
 /usr/lib/gcc/aarch64-poky-linux/9.2.0/../../../../include/c++/9.2.0/backward
 /usr/lib/gcc/aarch64-poky-linux/9.2.0/include
 /usr/lib/aarch64-poky-linux/9.2.0/include
 /usr/lib/gcc/aarch64-poky-linux/9.2.0/include-fixed
 /usr/include
End of search list.
GNU C++14 (GCC) version 9.2.0 (aarch64-poky-linux)
	compiled by GNU C version 9.2.0, GMP version 6.1.2, MPFR version 4.0.2, MPC version 1.1.0, isl version none
GGC heuristics: --param ggc-min-expand=100 --param ggc-min-heapsize=131072
Compiler executable checksum: ffc915dbc00b5dabfc24d81475d974f2
COLLECT_GCC_OPTIONS='-v' '-o' 'CMakeFiles/cmTC_253c8.dir/CMakeCXXCompilerABI.cpp.o' '-c' '-shared-libgcc' '-mlittle-endian' '-mabi=lp64'
 /usr/lib/gcc/aarch64-poky-linux/9.2.0/../../../../aarch64-poky-linux/bin/as -v -EL -mabi=lp64 -o CMakeFiles/cmTC_253c8.dir/CMakeCXXCompilerABI.cpp.o /tmp/ccYBJIb5.s
GNU assembler version 2.32.0 (aarch64-poky-linux) using BFD version (GNU Binutils) 2.32.0.20190204
COMPILER_PATH=/usr/libexec/gcc/aarch64-poky-linux/9.2.0/:/usr/libexec/gcc/aarch64-poky-linux/9.2.0/:/usr/libexec/gcc/aarch64-poky-linux/:/usr/lib/gcc/aarch64-poky-linux/9.2.0/:/usr/lib/gcc/aarch64-poky-linux/:/usr/lib/gcc/aarch64-poky-linux/9.2.0/../../../../aarch64-poky-linux/bin/
LIBRARY_PATH=/usr/lib/gcc/aarch64-poky-linux/9.2.0/:/usr/lib/gcc/aarch64-poky-linux/9.2.0/../../../aarch64-poky-linux/9.2.0/:/usr/lib/gcc/aarch64-poky-linux/9.2.0/../../../:/lib/:/usr/lib/aarch64-poky-linux/9.2.0/:/usr/lib/
COLLECT_GCC_OPTIONS='-v' '-o' 'CMakeFiles/cmTC_253c8.dir/CMakeCXXCompilerABI.cpp.o' '-c' '-shared-libgcc' '-mlittle-endian' '-mabi=lp64'
Linking CXX executable cmTC_253c8
/usr/bin/cmake -E cmake_link_script CMakeFiles/cmTC_253c8.dir/link.txt --verbose=1
/usr/bin/c++      -v -rdynamic CMakeFiles/cmTC_253c8.dir/CMakeCXXCompilerABI.cpp.o  -o cmTC_253c8 
Using built-in specs.
COLLECT_GCC=/usr/bin/c++
COLLECT_LTO_WRAPPER=/usr/libexec/gcc/aarch64-poky-linux/9.2.0/lto-wrapper
Target: aarch64-poky-linux
Configured with: ../../../../../../work-shared/gcc-9.2.0-r0/gcc-9.2.0/configure --build=x86_64-linux --host=aarch64-poky-linux --target=aarch64-poky-linux --prefix=/usr --exec_prefix=/usr --bindir=/usr/bin --sbindir=/usr/sbin --libexecdir=/usr/libexec --datadir=/usr/share --sysconfdir=/etc --sharedstatedir=/com --localstatedir=/var --libdir=/usr/lib --includedir=/usr/include --oldincludedir=/usr/include --infodir=/usr/share/info --mandir=/usr/share/man --disable-silent-rules --disable-dependency-tracking --with-libtool-sysroot=/home/vidal/wkg/yocto-zeus-3.0/rpi4-64/build/tmp/work/aarch64-poky-linux/gcc/9.2.0-r0/recipe-sysroot --with-gnu-ld --enable-shared --enable-languages=c,c++,fortran --enable-threads=posix --enable-multilib --enable-default-pie --enable-c99 --enable-long-long --enable-symvers=gnu --enable-libstdcxx-pch --program-prefix=aarch64-poky-linux- --without-local-prefix --enable-lto --disable-libssp --enable-libitm --disable-bootstrap --disable-libmudflap --with-system-zlib --with-linker-hash-style=gnu --enable-linker-build-id --with-ppl=no --with-cloog=no --enable-checking=release --enable-cheaders=c_global --without-isl --with-build-sysroot=/home/vidal/wkg/yocto-zeus-3.0/rpi4-64/build/tmp/work/aarch64-poky-linux/gcc/9.2.0-r0/recipe-sysroot --disable-static --enable-nls --with-glibc-version=2.28 --enable-initfini-array --enable-__cxa_atexit
Thread model: posix
gcc version 9.2.0 (GCC) 
COMPILER_PATH=/usr/libexec/gcc/aarch64-poky-linux/9.2.0/:/usr/libexec/gcc/aarch64-poky-linux/9.2.0/:/usr/libexec/gcc/aarch64-poky-linux/:/usr/lib/gcc/aarch64-poky-linux/9.2.0/:/usr/lib/gcc/aarch64-poky-linux/:/usr/lib/gcc/aarch64-poky-linux/9.2.0/../../../../aarch64-poky-linux/bin/
LIBRARY_PATH=/usr/lib/gcc/aarch64-poky-linux/9.2.0/:/usr/lib/gcc/aarch64-poky-linux/9.2.0/../../../aarch64-poky-linux/9.2.0/:/usr/lib/gcc/aarch64-poky-linux/9.2.0/../../../:/lib/:/usr/lib/aarch64-poky-linux/9.2.0/:/usr/lib/
COLLECT_GCC_OPTIONS='-v' '-rdynamic' '-o' 'cmTC_253c8' '-shared-libgcc' '-mlittle-endian' '-mabi=lp64'
 /usr/libexec/gcc/aarch64-poky-linux/9.2.0/collect2 -plugin /usr/libexec/gcc/aarch64-poky-linux/9.2.0/liblto_plugin.so -plugin-opt=/usr/libexec/gcc/aarch64-poky-linux/9.2.0/lto-wrapper -plugin-opt=-fresolution=/tmp/ccsfUvPv.res -plugin-opt=-pass-through=-lgcc_s -plugin-opt=-pass-through=-lgcc -plugin-opt=-pass-through=-lc -plugin-opt=-pass-through=-lgcc_s -plugin-opt=-pass-through=-lgcc --build-id --eh-frame-hdr --hash-style=gnu -export-dynamic -dynamic-linker /lib/ld-linux-aarch64.so.1 -X -EL -maarch64linux -pie -o cmTC_253c8 /usr/lib/gcc/aarch64-poky-linux/9.2.0/../../../Scrt1.o /usr/lib/gcc/aarch64-poky-linux/9.2.0/../../../crti.o /usr/lib/gcc/aarch64-poky-linux/9.2.0/../../../aarch64-poky-linux/9.2.0/crtbeginS.o -L/usr/lib/gcc/aarch64-poky-linux/9.2.0 -L/usr/lib/gcc/aarch64-poky-linux/9.2.0/../../../aarch64-poky-linux/9.2.0 -L/usr/lib/gcc/aarch64-poky-linux/9.2.0/../../.. -L/usr/lib/aarch64-poky-linux/9.2.0 CMakeFiles/cmTC_253c8.dir/CMakeCXXCompilerABI.cpp.o -lstdc++ -lm -lgcc_s -lgcc -lc -lgcc_s -lgcc /usr/lib/gcc/aarch64-poky-linux/9.2.0/../../../aarch64-poky-linux/9.2.0/crtendS.o /usr/lib/gcc/aarch64-poky-linux/9.2.0/../../../crtn.o
COLLECT_GCC_OPTIONS='-v' '-rdynamic' '-o' 'cmTC_253c8' '-shared-libgcc' '-mlittle-endian' '-mabi=lp64'
make[1]: Leaving directory '/home/devel/nextpnr/CMakeFiles/CMakeTmp'



Parsed CXX implicit include dir info from above output: rv=done
  found start of include info
  found start of implicit include info
    add: [/usr/lib/gcc/aarch64-poky-linux/9.2.0/../../../../include/c++/9.2.0]
    add: [/usr/lib/gcc/aarch64-poky-linux/9.2.0/../../../../include/c++/9.2.0/aarch64-poky-linux]
    add: [/usr/lib/gcc/aarch64-poky-linux/9.2.0/../../../../include/c++/9.2.0/backward]
    add: [/usr/lib/gcc/aarch64-poky-linux/9.2.0/include]
    add: [/usr/lib/aarch64-poky-linux/9.2.0/include]
    add: [/usr/lib/gcc/aarch64-poky-linux/9.2.0/include-fixed]
    add: [/usr/include]
  end of search list found
  collapse include dir [/usr/lib/gcc/aarch64-poky-linux/9.2.0/../../../../include/c++/9.2.0] ==> [/usr/include/c++/9.2.0]
  collapse include dir [/usr/lib/gcc/aarch64-poky-linux/9.2.0/../../../../include/c++/9.2.0/aarch64-poky-linux] ==> [/usr/include/c++/9.2.0/aarch64-poky-linux]
  collapse include dir [/usr/lib/gcc/aarch64-poky-linux/9.2.0/../../../../include/c++/9.2.0/backward] ==> [/usr/include/c++/9.2.0/backward]
  collapse include dir [/usr/lib/gcc/aarch64-poky-linux/9.2.0/include] ==> [/usr/lib/gcc/aarch64-poky-linux/9.2.0/include]
  collapse include dir [/usr/lib/aarch64-poky-linux/9.2.0/include] ==> [/usr/lib/aarch64-poky-linux/9.2.0/include]
  collapse include dir [/usr/lib/gcc/aarch64-poky-linux/9.2.0/include-fixed] ==> [/usr/lib/gcc/aarch64-poky-linux/9.2.0/include-fixed]
  collapse include dir [/usr/include] ==> [/usr/include]
  implicit include dirs: [/usr/include/c++/9.2.0;/usr/include/c++/9.2.0/aarch64-poky-linux;/usr/include/c++/9.2.0/backward;/usr/lib/gcc/aarch64-poky-linux/9.2.0/include;/usr/lib/aarch64-poky-linux/9.2.0/include;/usr/lib/gcc/aarch64-poky-linux/9.2.0/include-fixed;/usr/include]


Parsed CXX implicit link information from above output:
  link line regex: [^( *|.*[/\])(ld|CMAKE_LINK_STARTFILE-NOTFOUND|([^/\]+-)?ld|collect2)[^/\]*( |$)]
  ignore line: [Change Dir: /home/devel/nextpnr/CMakeFiles/CMakeTmp]
  ignore line: []
  ignore line: [Run Build Command(s):/usr/bin/make cmTC_253c8/fast && /usr/bin/make -f CMakeFiles/cmTC_253c8.dir/build.make CMakeFiles/cmTC_253c8.dir/build]
  ignore line: [make[1]: Entering directory '/home/devel/nextpnr/CMakeFiles/CMakeTmp']
  ignore line: [Building CXX object CMakeFiles/cmTC_253c8.dir/CMakeCXXCompilerABI.cpp.o]
  ignore line: [/usr/bin/c++    -v -o CMakeFiles/cmTC_253c8.dir/CMakeCXXCompilerABI.cpp.o -c /usr/share/cmake-3.15/Modules/CMakeCXXCompilerABI.cpp]
  ignore line: [Using built-in specs.]
  ignore line: [COLLECT_GCC=/usr/bin/c++]
  ignore line: [Target: aarch64-poky-linux]
  ignore line: [Configured with: ../../../../../../work-shared/gcc-9.2.0-r0/gcc-9.2.0/configure --build=x86_64-linux --host=aarch64-poky-linux --target=aarch64-poky-linux --prefix=/usr --exec_prefix=/usr --bindir=/usr/bin --sbindir=/usr/sbin --libexecdir=/usr/libexec --datadir=/usr/share --sysconfdir=/etc --sharedstatedir=/com --localstatedir=/var --libdir=/usr/lib --includedir=/usr/include --oldincludedir=/usr/include --infodir=/usr/share/info --mandir=/usr/share/man --disable-silent-rules --disable-dependency-tracking --with-libtool-sysroot=/home/vidal/wkg/yocto-zeus-3.0/rpi4-64/build/tmp/work/aarch64-poky-linux/gcc/9.2.0-r0/recipe-sysroot --with-gnu-ld --enable-shared --enable-languages=c,c++,fortran --enable-threads=posix --enable-multilib --enable-default-pie --enable-c99 --enable-long-long --enable-symvers=gnu --enable-libstdcxx-pch --program-prefix=aarch64-poky-linux- --without-local-prefix --enable-lto --disable-libssp --enable-libitm --disable-bootstrap --disable-libmudflap --with-system-zlib --with-linker-hash-style=gnu --enable-linker-build-id --with-ppl=no --with-cloog=no --enable-checking=release --enable-cheaders=c_global --without-isl --with-build-sysroot=/home/vidal/wkg/yocto-zeus-3.0/rpi4-64/build/tmp/work/aarch64-poky-linux/gcc/9.2.0-r0/recipe-sysroot --disable-static --enable-nls --with-glibc-version=2.28 --enable-initfini-array --enable-__cxa_atexit]
  ignore line: [Thread model: posix]
  ignore line: [gcc version 9.2.0 (GCC) ]
  ignore line: [COLLECT_GCC_OPTIONS='-v' '-o' 'CMakeFiles/cmTC_253c8.dir/CMakeCXXCompilerABI.cpp.o' '-c' '-shared-libgcc' '-mlittle-endian' '-mabi=lp64']
  ignore line: [ /usr/libexec/gcc/aarch64-poky-linux/9.2.0/cc1plus -quiet -v -D_GNU_SOURCE /usr/share/cmake-3.15/Modules/CMakeCXXCompilerABI.cpp -quiet -dumpbase CMakeCXXCompilerABI.cpp -mlittle-endian -mabi=lp64 -auxbase-strip CMakeFiles/cmTC_253c8.dir/CMakeCXXCompilerABI.cpp.o -version -o /tmp/ccYBJIb5.s]
  ignore line: [GNU C++14 (GCC) version 9.2.0 (aarch64-poky-linux)]
  ignore line: [	compiled by GNU C version 9.2.0, GMP version 6.1.2, MPFR version 4.0.2, MPC version 1.1.0, isl version none]
  ignore line: [GGC heuristics: --param ggc-min-expand=100 --param ggc-min-heapsize=131072]
  ignore line: [ignoring nonexistent directory "/usr/local/include"]
  ignore line: [ignoring nonexistent directory "/usr/lib/gcc/aarch64-poky-linux/9.2.0/../../../../aarch64-poky-linux/include"]
  ignore line: [#include "..." search starts here:]
  ignore line: [#include <...> search starts here:]
  ignore line: [ /usr/lib/gcc/aarch64-poky-linux/9.2.0/../../../../include/c++/9.2.0]
  ignore line: [ /usr/lib/gcc/aarch64-poky-linux/9.2.0/../../../../include/c++/9.2.0/aarch64-poky-linux]
  ignore line: [ /usr/lib/gcc/aarch64-poky-linux/9.2.0/../../../../include/c++/9.2.0/backward]
  ignore line: [ /usr/lib/gcc/aarch64-poky-linux/9.2.0/include]
  ignore line: [ /usr/lib/aarch64-poky-linux/9.2.0/include]
  ignore line: [ /usr/lib/gcc/aarch64-poky-linux/9.2.0/include-fixed]
  ignore line: [ /usr/include]
  ignore line: [End of search list.]
  ignore line: [GNU C++14 (GCC) version 9.2.0 (aarch64-poky-linux)]
  ignore line: [	compiled by GNU C version 9.2.0, GMP version 6.1.2, MPFR version 4.0.2, MPC version 1.1.0, isl version none]
  ignore line: [GGC heuristics: --param ggc-min-expand=100 --param ggc-min-heapsize=131072]
  ignore line: [Compiler executable checksum: ffc915dbc00b5dabfc24d81475d974f2]
  ignore line: [COLLECT_GCC_OPTIONS='-v' '-o' 'CMakeFiles/cmTC_253c8.dir/CMakeCXXCompilerABI.cpp.o' '-c' '-shared-libgcc' '-mlittle-endian' '-mabi=lp64']
  ignore line: [ /usr/lib/gcc/aarch64-poky-linux/9.2.0/../../../../aarch64-poky-linux/bin/as -v -EL -mabi=lp64 -o CMakeFiles/cmTC_253c8.dir/CMakeCXXCompilerABI.cpp.o /tmp/ccYBJIb5.s]
  ignore line: [GNU assembler version 2.32.0 (aarch64-poky-linux) using BFD version (GNU Binutils) 2.32.0.20190204]
  ignore line: [COMPILER_PATH=/usr/libexec/gcc/aarch64-poky-linux/9.2.0/:/usr/libexec/gcc/aarch64-poky-linux/9.2.0/:/usr/libexec/gcc/aarch64-poky-linux/:/usr/lib/gcc/aarch64-poky-linux/9.2.0/:/usr/lib/gcc/aarch64-poky-linux/:/usr/lib/gcc/aarch64-poky-linux/9.2.0/../../../../aarch64-poky-linux/bin/]
  ignore line: [LIBRARY_PATH=/usr/lib/gcc/aarch64-poky-linux/9.2.0/:/usr/lib/gcc/aarch64-poky-linux/9.2.0/../../../aarch64-poky-linux/9.2.0/:/usr/lib/gcc/aarch64-poky-linux/9.2.0/../../../:/lib/:/usr/lib/aarch64-poky-linux/9.2.0/:/usr/lib/]
  ignore line: [COLLECT_GCC_OPTIONS='-v' '-o' 'CMakeFiles/cmTC_253c8.dir/CMakeCXXCompilerABI.cpp.o' '-c' '-shared-libgcc' '-mlittle-endian' '-mabi=lp64']
  ignore line: [Linking CXX executable cmTC_253c8]
  ignore line: [/usr/bin/cmake -E cmake_link_script CMakeFiles/cmTC_253c8.dir/link.txt --verbose=1]
  ignore line: [/usr/bin/c++      -v -rdynamic CMakeFiles/cmTC_253c8.dir/CMakeCXXCompilerABI.cpp.o  -o cmTC_253c8 ]
  ignore line: [Using built-in specs.]
  ignore line: [COLLECT_GCC=/usr/bin/c++]
  ignore line: [COLLECT_LTO_WRAPPER=/usr/libexec/gcc/aarch64-poky-linux/9.2.0/lto-wrapper]
  ignore line: [Target: aarch64-poky-linux]
  ignore line: [Configured with: ../../../../../../work-shared/gcc-9.2.0-r0/gcc-9.2.0/configure --build=x86_64-linux --host=aarch64-poky-linux --target=aarch64-poky-linux --prefix=/usr --exec_prefix=/usr --bindir=/usr/bin --sbindir=/usr/sbin --libexecdir=/usr/libexec --datadir=/usr/share --sysconfdir=/etc --sharedstatedir=/com --localstatedir=/var --libdir=/usr/lib --includedir=/usr/include --oldincludedir=/usr/include --infodir=/usr/share/info --mandir=/usr/share/man --disable-silent-rules --disable-dependency-tracking --with-libtool-sysroot=/home/vidal/wkg/yocto-zeus-3.0/rpi4-64/build/tmp/work/aarch64-poky-linux/gcc/9.2.0-r0/recipe-sysroot --with-gnu-ld --enable-shared --enable-languages=c,c++,fortran --enable-threads=posix --enable-multilib --enable-default-pie --enable-c99 --enable-long-long --enable-symvers=gnu --enable-libstdcxx-pch --program-prefix=aarch64-poky-linux- --without-local-prefix --enable-lto --disable-libssp --enable-libitm --disable-bootstrap --disable-libmudflap --with-system-zlib --with-linker-hash-style=gnu --enable-linker-build-id --with-ppl=no --with-cloog=no --enable-checking=release --enable-cheaders=c_global --without-isl --with-build-sysroot=/home/vidal/wkg/yocto-zeus-3.0/rpi4-64/build/tmp/work/aarch64-poky-linux/gcc/9.2.0-r0/recipe-sysroot --disable-static --enable-nls --with-glibc-version=2.28 --enable-initfini-array --enable-__cxa_atexit]
  ignore line: [Thread model: posix]
  ignore line: [gcc version 9.2.0 (GCC) ]
  ignore line: [COMPILER_PATH=/usr/libexec/gcc/aarch64-poky-linux/9.2.0/:/usr/libexec/gcc/aarch64-poky-linux/9.2.0/:/usr/libexec/gcc/aarch64-poky-linux/:/usr/lib/gcc/aarch64-poky-linux/9.2.0/:/usr/lib/gcc/aarch64-poky-linux/:/usr/lib/gcc/aarch64-poky-linux/9.2.0/../../../../aarch64-poky-linux/bin/]
  ignore line: [LIBRARY_PATH=/usr/lib/gcc/aarch64-poky-linux/9.2.0/:/usr/lib/gcc/aarch64-poky-linux/9.2.0/../../../aarch64-poky-linux/9.2.0/:/usr/lib/gcc/aarch64-poky-linux/9.2.0/../../../:/lib/:/usr/lib/aarch64-poky-linux/9.2.0/:/usr/lib/]
  ignore line: [COLLECT_GCC_OPTIONS='-v' '-rdynamic' '-o' 'cmTC_253c8' '-shared-libgcc' '-mlittle-endian' '-mabi=lp64']
  link line: [ /usr/libexec/gcc/aarch64-poky-linux/9.2.0/collect2 -plugin /usr/libexec/gcc/aarch64-poky-linux/9.2.0/liblto_plugin.so -plugin-opt=/usr/libexec/gcc/aarch64-poky-linux/9.2.0/lto-wrapper -plugin-opt=-fresolution=/tmp/ccsfUvPv.res -plugin-opt=-pass-through=-lgcc_s -plugin-opt=-pass-through=-lgcc -plugin-opt=-pass-through=-lc -plugin-opt=-pass-through=-lgcc_s -plugin-opt=-pass-through=-lgcc --build-id --eh-frame-hdr --hash-style=gnu -export-dynamic -dynamic-linker /lib/ld-linux-aarch64.so.1 -X -EL -maarch64linux -pie -o cmTC_253c8 /usr/lib/gcc/aarch64-poky-linux/9.2.0/../../../Scrt1.o /usr/lib/gcc/aarch64-poky-linux/9.2.0/../../../crti.o /usr/lib/gcc/aarch64-poky-linux/9.2.0/../../../aarch64-poky-linux/9.2.0/crtbeginS.o -L/usr/lib/gcc/aarch64-poky-linux/9.2.0 -L/usr/lib/gcc/aarch64-poky-linux/9.2.0/../../../aarch64-poky-linux/9.2.0 -L/usr/lib/gcc/aarch64-poky-linux/9.2.0/../../.. -L/usr/lib/aarch64-poky-linux/9.2.0 CMakeFiles/cmTC_253c8.dir/CMakeCXXCompilerABI.cpp.o -lstdc++ -lm -lgcc_s -lgcc -lc -lgcc_s -lgcc /usr/lib/gcc/aarch64-poky-linux/9.2.0/../../../aarch64-poky-linux/9.2.0/crtendS.o /usr/lib/gcc/aarch64-poky-linux/9.2.0/../../../crtn.o]
    arg [/usr/libexec/gcc/aarch64-poky-linux/9.2.0/collect2] ==> ignore
    arg [-plugin] ==> ignore
    arg [/usr/libexec/gcc/aarch64-poky-linux/9.2.0/liblto_plugin.so] ==> ignore
    arg [-plugin-opt=/usr/libexec/gcc/aarch64-poky-linux/9.2.0/lto-wrapper] ==> ignore
    arg [-plugin-opt=-fresolution=/tmp/ccsfUvPv.res] ==> ignore
    arg [-plugin-opt=-pass-through=-lgcc_s] ==> ignore
    arg [-plugin-opt=-pass-through=-lgcc] ==> ignore
    arg [-plugin-opt=-pass-through=-lc] ==> ignore
    arg [-plugin-opt=-pass-through=-lgcc_s] ==> ignore
    arg [-plugin-opt=-pass-through=-lgcc] ==> ignore
    arg [--build-id] ==> ignore
    arg [--eh-frame-hdr] ==> ignore
    arg [--hash-style=gnu] ==> ignore
    arg [-export-dynamic] ==> ignore
    arg [-dynamic-linker] ==> ignore
    arg [/lib/ld-linux-aarch64.so.1] ==> ignore
    arg [-X] ==> ignore
    arg [-EL] ==> ignore
    arg [-maarch64linux] ==> ignore
    arg [-pie] ==> ignore
    arg [-o] ==> ignore
    arg [cmTC_253c8] ==> ignore
    arg [/usr/lib/gcc/aarch64-poky-linux/9.2.0/../../../Scrt1.o] ==> ignore
    arg [/usr/lib/gcc/aarch64-poky-linux/9.2.0/../../../crti.o] ==> ignore
    arg [/usr/lib/gcc/aarch64-poky-linux/9.2.0/../../../aarch64-poky-linux/9.2.0/crtbeginS.o] ==> ignore
    arg [-L/usr/lib/gcc/aarch64-poky-linux/9.2.0] ==> dir [/usr/lib/gcc/aarch64-poky-linux/9.2.0]
    arg [-L/usr/lib/gcc/aarch64-poky-linux/9.2.0/../../../aarch64-poky-linux/9.2.0] ==> dir [/usr/lib/gcc/aarch64-poky-linux/9.2.0/../../../aarch64-poky-linux/9.2.0]
    arg [-L/usr/lib/gcc/aarch64-poky-linux/9.2.0/../../..] ==> dir [/usr/lib/gcc/aarch64-poky-linux/9.2.0/../../..]
    arg [-L/usr/lib/aarch64-poky-linux/9.2.0] ==> dir [/usr/lib/aarch64-poky-linux/9.2.0]
    arg [CMakeFiles/cmTC_253c8.dir/CMakeCXXCompilerABI.cpp.o] ==> ignore
    arg [-lstdc++] ==> lib [stdc++]
    arg [-lm] ==> lib [m]
    arg [-lgcc_s] ==> lib [gcc_s]
    arg [-lgcc] ==> lib [gcc]
    arg [-lc] ==> lib [c]
    arg [-lgcc_s] ==> lib [gcc_s]
    arg [-lgcc] ==> lib [gcc]
    arg [/usr/lib/gcc/aarch64-poky-linux/9.2.0/../../../aarch64-poky-linux/9.2.0/crtendS.o] ==> ignore
    arg [/usr/lib/gcc/aarch64-poky-linux/9.2.0/../../../crtn.o] ==> ignore
  collapse library dir [/usr/lib/gcc/aarch64-poky-linux/9.2.0] ==> [/usr/lib/gcc/aarch64-poky-linux/9.2.0]
  collapse library dir [/usr/lib/gcc/aarch64-poky-linux/9.2.0/../../../aarch64-poky-linux/9.2.0] ==> [/usr/lib/aarch64-poky-linux/9.2.0]
  collapse library dir [/usr/lib/gcc/aarch64-poky-linux/9.2.0/../../..] ==> [/usr/lib]
  collapse library dir [/usr/lib/aarch64-poky-linux/9.2.0] ==> [/usr/lib/aarch64-poky-linux/9.2.0]
  implicit libs: [stdc++;m;gcc_s;gcc;c;gcc_s;gcc]
  implicit dirs: [/usr/lib/gcc/aarch64-poky-linux/9.2.0;/usr/lib/aarch64-poky-linux/9.2.0;/usr/lib]
  implicit fwks: []


Determining if the include file pthread.h exists passed with the following output:
Change Dir: /home/devel/nextpnr/CMakeFiles/CMakeTmp

Run Build Command(s):/usr/bin/make cmTC_8367b/fast && /usr/bin/make -f CMakeFiles/cmTC_8367b.dir/build.make CMakeFiles/cmTC_8367b.dir/build
make[1]: Entering directory '/home/devel/nextpnr/CMakeFiles/CMakeTmp'
Building C object CMakeFiles/cmTC_8367b.dir/CheckIncludeFile.c.o
/usr/bin/cc    -o CMakeFiles/cmTC_8367b.dir/CheckIncludeFile.c.o   -c /home/devel/nextpnr/CMakeFiles/CMakeTmp/CheckIncludeFile.c
Linking C executable cmTC_8367b
/usr/bin/cmake -E cmake_link_script CMakeFiles/cmTC_8367b.dir/link.txt --verbose=1
/usr/bin/cc      -rdynamic CMakeFiles/cmTC_8367b.dir/CheckIncludeFile.c.o  -o cmTC_8367b 
make[1]: Leaving directory '/home/devel/nextpnr/CMakeFiles/CMakeTmp'



Determining if the function pthread_create exists in the pthread passed with the following output:
Change Dir: /home/devel/nextpnr/CMakeFiles/CMakeTmp

Run Build Command(s):/usr/bin/make cmTC_fbe5c/fast && /usr/bin/make -f CMakeFiles/cmTC_fbe5c.dir/build.make CMakeFiles/cmTC_fbe5c.dir/build
make[1]: Entering directory '/home/devel/nextpnr/CMakeFiles/CMakeTmp'
Building C object CMakeFiles/cmTC_fbe5c.dir/CheckFunctionExists.c.o
/usr/bin/cc   -DCHECK_FUNCTION_EXISTS=pthread_create   -o CMakeFiles/cmTC_fbe5c.dir/CheckFunctionExists.c.o   -c /usr/share/cmake-3.15/Modules/CheckFunctionExists.c
Linking C executable cmTC_fbe5c
/usr/bin/cmake -E cmake_link_script CMakeFiles/cmTC_fbe5c.dir/link.txt --verbose=1
/usr/bin/cc  -DCHECK_FUNCTION_EXISTS=pthread_create    -rdynamic CMakeFiles/cmTC_fbe5c.dir/CheckFunctionExists.c.o  -o cmTC_fbe5c -lpthread 
make[1]: Leaving directory '/home/devel/nextpnr/CMakeFiles/CMakeTmp'



Determining if the include file sys/types.h exists passed with the following output:
Change Dir: /home/devel/nextpnr/CMakeFiles/CMakeTmp

Run Build Command(s):/usr/bin/make cmTC_c8b83/fast && /usr/bin/make -f CMakeFiles/cmTC_c8b83.dir/build.make CMakeFiles/cmTC_c8b83.dir/build
make[1]: Entering directory '/home/devel/nextpnr/CMakeFiles/CMakeTmp'
Building C object CMakeFiles/cmTC_c8b83.dir/CheckIncludeFile.c.o
/usr/bin/cc    -o CMakeFiles/cmTC_c8b83.dir/CheckIncludeFile.c.o   -c /home/devel/nextpnr/CMakeFiles/CMakeTmp/CheckIncludeFile.c
Linking C executable cmTC_c8b83
/usr/bin/cmake -E cmake_link_script CMakeFiles/cmTC_c8b83.dir/link.txt --verbose=1
/usr/bin/cc      -rdynamic CMakeFiles/cmTC_c8b83.dir/CheckIncludeFile.c.o  -o cmTC_c8b83 
make[1]: Leaving directory '/home/devel/nextpnr/CMakeFiles/CMakeTmp'



Determining if the include file stdint.h exists passed with the following output:
Change Dir: /home/devel/nextpnr/CMakeFiles/CMakeTmp

Run Build Command(s):/usr/bin/make cmTC_d3ae1/fast && /usr/bin/make -f CMakeFiles/cmTC_d3ae1.dir/build.make CMakeFiles/cmTC_d3ae1.dir/build
make[1]: Entering directory '/home/devel/nextpnr/CMakeFiles/CMakeTmp'
Building C object CMakeFiles/cmTC_d3ae1.dir/CheckIncludeFile.c.o
/usr/bin/cc    -o CMakeFiles/cmTC_d3ae1.dir/CheckIncludeFile.c.o   -c /home/devel/nextpnr/CMakeFiles/CMakeTmp/CheckIncludeFile.c
Linking C executable cmTC_d3ae1
/usr/bin/cmake -E cmake_link_script CMakeFiles/cmTC_d3ae1.dir/link.txt --verbose=1
/usr/bin/cc      -rdynamic CMakeFiles/cmTC_d3ae1.dir/CheckIncludeFile.c.o  -o cmTC_d3ae1 
make[1]: Leaving directory '/home/devel/nextpnr/CMakeFiles/CMakeTmp'



Determining if the include file stddef.h exists passed with the following output:
Change Dir: /home/devel/nextpnr/CMakeFiles/CMakeTmp

Run Build Command(s):/usr/bin/make cmTC_6c8f8/fast && /usr/bin/make -f CMakeFiles/cmTC_6c8f8.dir/build.make CMakeFiles/cmTC_6c8f8.dir/build
make[1]: Entering directory '/home/devel/nextpnr/CMakeFiles/CMakeTmp'
Building C object CMakeFiles/cmTC_6c8f8.dir/CheckIncludeFile.c.o
/usr/bin/cc    -o CMakeFiles/cmTC_6c8f8.dir/CheckIncludeFile.c.o   -c /home/devel/nextpnr/CMakeFiles/CMakeTmp/CheckIncludeFile.c
Linking C executable cmTC_6c8f8
/usr/bin/cmake -E cmake_link_script CMakeFiles/cmTC_6c8f8.dir/link.txt --verbose=1
/usr/bin/cc      -rdynamic CMakeFiles/cmTC_6c8f8.dir/CheckIncludeFile.c.o  -o cmTC_6c8f8 
make[1]: Leaving directory '/home/devel/nextpnr/CMakeFiles/CMakeTmp'



Determining size of unsigned short passed with the following output:
Change Dir: /home/devel/nextpnr/CMakeFiles/CMakeTmp

Run Build Command(s):/usr/bin/make cmTC_74e62/fast && /usr/bin/make -f CMakeFiles/cmTC_74e62.dir/build.make CMakeFiles/cmTC_74e62.dir/build
make[1]: Entering directory '/home/devel/nextpnr/CMakeFiles/CMakeTmp'
Building C object CMakeFiles/cmTC_74e62.dir/CMAKE_SIZEOF_UNSIGNED_SHORT.c.o
/usr/bin/cc    -o CMakeFiles/cmTC_74e62.dir/CMAKE_SIZEOF_UNSIGNED_SHORT.c.o   -c /home/devel/nextpnr/CMakeFiles/CheckTypeSize/CMAKE_SIZEOF_UNSIGNED_SHORT.c
Linking C executable cmTC_74e62
/usr/bin/cmake -E cmake_link_script CMakeFiles/cmTC_74e62.dir/link.txt --verbose=1
/usr/bin/cc      -rdynamic CMakeFiles/cmTC_74e62.dir/CMAKE_SIZEOF_UNSIGNED_SHORT.c.o  -o cmTC_74e62 
make[1]: Leaving directory '/home/devel/nextpnr/CMakeFiles/CMakeTmp'



Determining if the system is big endian passed with the following output:
Change Dir: /home/devel/nextpnr/CMakeFiles/CMakeTmp

Run Build Command(s):/usr/bin/make cmTC_a813d/fast && /usr/bin/make -f CMakeFiles/cmTC_a813d.dir/build.make CMakeFiles/cmTC_a813d.dir/build
make[1]: Entering directory '/home/devel/nextpnr/CMakeFiles/CMakeTmp'
Building C object CMakeFiles/cmTC_a813d.dir/TestEndianess.c.o
/usr/bin/cc    -o CMakeFiles/cmTC_a813d.dir/TestEndianess.c.o   -c /home/devel/nextpnr/CMakeFiles/CMakeTmp/TestEndianess.c
Linking C executable cmTC_a813d
/usr/bin/cmake -E cmake_link_script CMakeFiles/cmTC_a813d.dir/link.txt --verbose=1
/usr/bin/cc      -rdynamic CMakeFiles/cmTC_a813d.dir/TestEndianess.c.o  -o cmTC_a813d 
make[1]: Leaving directory '/home/devel/nextpnr/CMakeFiles/CMakeTmp'


TestEndianess.c:
/* A 16 bit integer is required. */
typedef unsigned short cmakeint16;

/* On a little endian machine, these 16bit ints will give "THIS IS LITTLE ENDIAN."
   On a big endian machine the characters will be exchanged pairwise. */
const cmakeint16 info_little[] =  {0x4854, 0x5349, 0x4920, 0x2053, 0x494c, 0x5454, 0x454c, 0x4520, 0x444e, 0x4149, 0x2e4e, 0x0000};

/* on a big endian machine, these 16bit ints will give "THIS IS BIG ENDIAN."
   On a little endian machine the characters will be exchanged pairwise. */
const cmakeint16 info_big[] =     {0x5448, 0x4953, 0x2049, 0x5320, 0x4249, 0x4720, 0x454e, 0x4449, 0x414e, 0x2e2e, 0x0000};

#ifdef __CLASSIC_C__
int main(argc, argv) int argc; char *argv[];
#else
int main(int argc, char *argv[])
#endif
{
  int require = 0;
  require += info_little[argc];
  require += info_big[argc];
  (void)argv;
  return require;
}


